Build started 11/4/2014 5:34:17 PM.
     1>Project "C:\Users\jward\programming\VR\VRHelloWorld\VisualStudio\VRHelloWorld\VRHelloWorld.vcxproj" on node 2 (Build target(s)).
     1>ClCompile:
         C:\Program Files (x86)\Microsoft Visual Studio 11.0\VC\bin\CL.exe /c /IC:\Users\jward\Desktop\LeapSDK\include /I"C:\Users\jward\programming\VR\VRHelloWorld\external\glew-1.11.0\include" /I"C:\Users\jward\programming\VR\VRHelloWorld\external\SDL2-Win\include" /ZI /nologo /W3 /WX- /sdl /Od /Oy- /D _MBCS /Gm /EHsc /RTC1 /MDd /GS /fp:precise /Zc:wchar_t /Zc:forScope /Fo"Debug\\" /Fd"Debug\vc110.pdb" /Gd /TP /analyze- /errorReport:prompt ..\..\source\util.cpp
         util.cpp
     1>c:\users\jward\programming\vr\vrhelloworld\source\util.cpp(58): warning C4101: 'ex' : unreferenced local variable
     1>c:\users\jward\programming\vr\vrhelloworld\source\util.cpp(60): warning C4101: 'ex' : unreferenced local variable
     1>c:\users\jward\programming\vr\vrhelloworld\source\util.cpp(123): warning C4244: 'argument' : conversion from 'std::streamoff' to 'unsigned int', possible loss of data
       Link:
         C:\Program Files (x86)\Microsoft Visual Studio 11.0\VC\bin\link.exe /ERRORREPORT:PROMPT /OUT:"C:\Users\jward\programming\VR\VRHelloWorld\VisualStudio\VRHelloWorld\Debug\VRHelloWorld.exe" /INCREMENTAL /NOLOGO /LIBPATH:C:\Users\jward\Desktop\LeapSDK\lib\x86 /LIBPATH:"C:\Users\jward\programming\VR\VRHelloWorld\external\glew-1.11.0\lib\Release\Win32" /LIBPATH:"C:\Users\jward\programming\VR\VRHelloWorld\external\SDL2-Win\lib\x86" SDL2.lib SDL2main.lib OpenGL32.lib Leap.lib glew32.lib glew32s.lib kernel32.lib user32.lib gdi32.lib winspool.lib comdlg32.lib advapi32.lib shell32.lib ole32.lib oleaut32.lib uuid.lib odbc32.lib odbccp32.lib /MANIFEST /MANIFESTUAC:"level='asInvoker' uiAccess='false'" /manifest:embed /DEBUG /PDB:"C:\Users\jward\programming\VR\VRHelloWorld\VisualStudio\VRHelloWorld\Debug\VRHelloWorld.pdb" /SUBSYSTEM:CONSOLE /TLBID:1 /DYNAMICBASE /NXCOMPAT /IMPLIB:"C:\Users\jward\programming\VR\VRHelloWorld\VisualStudio\VRHelloWorld\Debug\VRHelloWorld.lib" /MACHINE:X86 Debug\App.obj
         Debug\main.obj
         Debug\util.obj
         VRHelloWorld.vcxproj -> C:\Users\jward\programming\VR\VRHelloWorld\VisualStudio\VRHelloWorld\Debug\VRHelloWorld.exe
       PostBuildEvent:
         xcopy /yr "C:\Users\jward\programming\VR\VRHelloWorld\VisualStudio\VRHelloWorld\..\..\external/SDL2-Win\lib\x86\SDL2.dll" "C:\Users\jward\programming\VR\VRHelloWorld\VisualStudio\VRHelloWorld\Debug\"
         xcopy /yr "C:\Users\jward\programming\VR\VRHelloWorld\VisualStudio\VRHelloWorld\..\..\external\glew-1.11.0\bin\Release\Win32\glew32.dll" "C:\Users\jward\programming\VR\VRHelloWorld\VisualStudio\VRHelloWorld\Debug\"
         xcopy /yr "C:\Users\jward\Desktop\LeapSDK\lib\x86\Leap.dll" "C:\Users\jward\programming\VR\VRHelloWorld\VisualStudio\VRHelloWorld\Debug\"
         xcopy /yr "C:\Users\jward\programming\VR\VRHelloWorld\VisualStudio\VRHelloWorld\..\..\source\shaders\*.*" "C:\Users\jward\programming\VR\VRHelloWorld\VisualStudio\VRHelloWorld\Debug\"
         :VCEnd
         C:\Users\jward\programming\VR\VRHelloWorld\VisualStudio\VRHelloWorld\..\..\external/SDL2-Win\lib\x86\SDL2.dll
         1 File(s) copied
         C:\Users\jward\programming\VR\VRHelloWorld\VisualStudio\VRHelloWorld\..\..\external\glew-1.11.0\bin\Release\Win32\glew32.dll
         1 File(s) copied
         C:\Users\jward\Desktop\LeapSDK\lib\x86\Leap.dll
         1 File(s) copied
         C:\Users\jward\programming\VR\VRHelloWorld\VisualStudio\VRHelloWorld\..\..\source\shaders\fragment.fsl
         C:\Users\jward\programming\VR\VRHelloWorld\VisualStudio\VRHelloWorld\..\..\source\shaders\vertex.vsl
         2 File(s) copied
     1>Done Building Project "C:\Users\jward\programming\VR\VRHelloWorld\VisualStudio\VRHelloWorld\VRHelloWorld.vcxproj" (Build target(s)).

Build succeeded.

Time Elapsed 00:00:02.56
